0 info it worked if it ends with ok
1 verbose cli [ '/usr/bin/nodejs', '/home/argus/.npm-global/bin/npm', 'start' ]
2 info using npm@3.10.8
3 info using node@v4.6.0
4 verbose run-script [ 'prestart', 'start', 'poststart' ]
5 info lifecycle ibm-myskills.client@1.1.1~prestart: ibm-myskills.client@1.1.1
6 silly lifecycle ibm-myskills.client@1.1.1~prestart: no script for prestart, continuing
7 info lifecycle ibm-myskills.client@1.1.1~start: ibm-myskills.client@1.1.1
8 verbose lifecycle ibm-myskills.client@1.1.1~start: unsafe-perm in lifecycle true
9 verbose lifecycle ibm-myskills.client@1.1.1~start: PATH: /home/argus/.npm-global/lib/node_modules/npm/bin/node-gyp-bin:/home/argus/work/workspace/ibm-myskills-client/node_modules/.bin:/home/argus/.npm-global/bin:/usr/local/sbin:/usr/local/bin:/usr/sbin:/usr/bin:/sbin:/bin:/usr/games:/usr/local/games
10 verbose lifecycle ibm-myskills.client@1.1.1~start: CWD: /home/argus/work/workspace/ibm-myskills-client
11 silly lifecycle ibm-myskills.client@1.1.1~start: Args: [ '-c', 'app.js' ]
12 info lifecycle ibm-myskills.client@1.1.1~start: Failed to exec start script
13 verbose stack Error: ibm-myskills.client@1.1.1 start: `app.js`
13 verbose stack spawn ENOENT
13 verbose stack     at ChildProcess.<anonymous> (/home/argus/.npm-global/lib/node_modules/npm/lib/utils/spawn.js:33:16)
13 verbose stack     at emitTwo (events.js:87:13)
13 verbose stack     at ChildProcess.emit (events.js:172:7)
13 verbose stack     at maybeClose (internal/child_process.js:829:16)
13 verbose stack     at Process.ChildProcess._handle.onexit (internal/child_process.js:211:5)
14 verbose pkgid ibm-myskills.client@1.1.1
15 verbose cwd /home/argus/work/workspace/ibm-myskills-client
16 error Linux 3.19.0-69-generic
17 error argv "/usr/bin/nodejs" "/home/argus/.npm-global/bin/npm" "start"
18 error node v4.6.0
19 error npm  v3.10.8
20 error file sh
21 error code ELIFECYCLE
22 error errno ENOENT
23 error syscall spawn
24 error ibm-myskills.client@1.1.1 start: `app.js`
24 error spawn ENOENT
25 error Failed at the ibm-myskills.client@1.1.1 start script 'app.js'.
25 error Make sure you have the latest version of node.js and npm installed.
25 error If you do, this is most likely a problem with the ibm-myskills.client package,
25 error not with npm itself.
25 error Tell the author that this fails on your system:
25 error     app.js
25 error You can get information on how to open an issue for this project with:
25 error     npm bugs ibm-myskills.client
25 error Or if that isn't available, you can get their info via:
25 error     npm owner ls ibm-myskills.client
25 error There is likely additional logging output above.
26 verbose exit [ 1, true ]
